c:\users\jianbo.hu\source\repos\consoleapplication1\consoleapplication1\debug\consoleapplication1.pch
c:\users\jianbo.hu\source\repos\consoleapplication1\consoleapplication1\debug\vc141.pdb
c:\users\jianbo.hu\source\repos\consoleapplication1\consoleapplication1\debug\vc141.idb
c:\users\jianbo.hu\source\repos\consoleapplication1\consoleapplication1\debug\stdafx.obj
c:\users\jianbo.hu\source\repos\consoleapplication1\consoleapplication1\debug\consoleapplication1.obj
c:\users\jianbo.hu\documents\github\hope\consoleapplication1\debug\consoleapplication1.pch
c:\users\jianbo.hu\documents\github\hope\consoleapplication1\debug\vc141.pdb
c:\users\jianbo.hu\documents\github\hope\consoleapplication1\debug\vc141.idb
c:\users\jianbo.hu\documents\github\hope\consoleapplication1\debug\stdafx.obj
c:\users\jianbo.hu\documents\github\hope\consoleapplication1\debug\consoleapplication1.obj
c:\users\jianbo.hu\source\repos\consoleapplication1\debug\consoleapplication1.ilk
c:\users\jianbo.hu\source\repos\consoleapplication1\debug\consoleapplication1.exe
c:\users\jianbo.hu\source\repos\consoleapplication1\debug\consoleapplication1.pdb
c:\users\jianbo.hu\documents\github\hope\debug\consoleapplication1.ilk
c:\users\jianbo.hu\documents\github\hope\debug\consoleapplication1.exe
c:\users\jianbo.hu\documents\github\hope\debug\consoleapplication1.pdb
c:\users\jianbo.hu\documents\github\hope\consoleapplication1\debug\consolea.dbf83ab4.tlog\cl.command.1.tlog
c:\users\jianbo.hu\documents\github\hope\consoleapplication1\debug\consolea.dbf83ab4.tlog\cl.read.1.tlog
c:\users\jianbo.hu\documents\github\hope\consoleapplication1\debug\consolea.dbf83ab4.tlog\cl.write.1.tlog
c:\users\jianbo.hu\documents\github\hope\consoleapplication1\debug\consolea.dbf83ab4.tlog\link.command.1.tlog
c:\users\jianbo.hu\documents\github\hope\consoleapplication1\debug\consolea.dbf83ab4.tlog\link.read.1.tlog
c:\users\jianbo.hu\documents\github\hope\consoleapplication1\debug\consolea.dbf83ab4.tlog\link.write.1.tlog
